<?xml version="1.0" encoding="UTF-8"?>
<!-- Generated by org.testng.reporters.JUnitReportReporter -->
<testsuite skipped="0" hostname="PC392" name="Lennox.CodingRound" tests="3" failures="0" timestamp="08 Mar 2021 04:57:15 GMT" time="88.087" errors="0">
  <testcase name="LaunchandLogin" time="36.553" classname="Lennox.CodingRound"/>
  <testcase name="CreateLead" time="13.780" classname="Lennox.CodingRound"/>
  <testcase name="CreateNew" time="37.754" classname="Lennox.CodingRound"/>
</testsuite> <!-- Lennox.CodingRound -->
