<?xml version="1.0" encoding="UTF-8"?>
<!-- Generated by org.testng.reporters.JUnitReportReporter -->
<testsuite skipped="0" hostname="PC392" name="Lennox.CodingRound" tests="3" failures="0" timestamp="08 Mar 2021 06:01:28 GMT" time="154.321" errors="0">
  <testcase name="LaunchandLogin" time="66.879" classname="Lennox.CodingRound"/>
  <testcase name="CreateLead" time="13.146" classname="Lennox.CodingRound"/>
  <testcase name="CreateNew" time="74.296" classname="Lennox.CodingRound"/>
</testsuite> <!-- Lennox.CodingRound -->
