<?xml version="1.0" encoding="UTF-8"?>
<!-- Generated by org.testng.reporters.JUnitReportReporter -->
<testsuite skipped="1" hostname="PC392" name="Extentreports.Extentreport$ExtentReportsClass" tests="2" failures="0" timestamp="05 Mar 2021 15:30:58 GMT" time="0.017" errors="0">
  <testcase name="passTest" time="0.014" classname="Extentreports.Extentreport$ExtentReportsClass"/>
  <testcase name="skipTest" time="0.003" classname="Extentreports.Extentreport$ExtentReportsClass">
    <skipped/>
  </testcase> <!-- skipTest -->
</testsuite> <!-- Extentreports.Extentreport$ExtentReportsClass -->
