<?xml version="1.0" encoding="UTF-8"?>
<!-- Generated by org.testng.reporters.JUnitReportReporter -->
<testsuite skipped="0" hostname="PC392" name="Lennox.CodingRound" tests="3" failures="0" timestamp="08 Mar 2021 05:32:28 GMT" time="110.534" errors="0">
  <testcase name="LaunchandLogin" time="47.925" classname="Lennox.CodingRound"/>
  <testcase name="CreateLead" time="13.496" classname="Lennox.CodingRound"/>
  <testcase name="CreateNew" time="49.113" classname="Lennox.CodingRound"/>
</testsuite> <!-- Lennox.CodingRound -->
