<?xml version="1.0" encoding="UTF-8"?>
<!-- Generated by org.testng.reporters.JUnitReportReporter -->
<testsuite skipped="0" hostname="PC392" name="Lennox.CodingRound" tests="3" failures="0" timestamp="06 Mar 2021 19:56:02 GMT" time="123.953" errors="0">
  <testcase name="LaunchandLogin" time="71.843" classname="Lennox.CodingRound"/>
  <testcase name="CreateLead" time="11.884" classname="Lennox.CodingRound"/>
  <testcase name="CreateNew" time="40.226" classname="Lennox.CodingRound"/>
</testsuite> <!-- Lennox.CodingRound -->
