<?xml version="1.0" encoding="UTF-8"?>
<!-- Generated by org.testng.reporters.JUnitReportReporter -->
<testsuite skipped="0" hostname="PC392" name="Lennox.CodingRound" tests="3" failures="0" timestamp="06 Mar 2021 20:26:25 GMT" time="151.989" errors="0">
  <testcase name="LaunchandLogin" time="56.502" classname="Lennox.CodingRound"/>
  <testcase name="CreateLead" time="17.340" classname="Lennox.CodingRound"/>
  <testcase name="CreateNew" time="78.147" classname="Lennox.CodingRound"/>
</testsuite> <!-- Lennox.CodingRound -->
