<?xml version="1.0" encoding="UTF-8"?>
<!-- Generated by org.testng.reporters.JUnitReportReporter -->
<testsuite skipped="0" hostname="PC392" name="Lennox.Login" tests="3" failures="0" timestamp="06 Mar 2021 18:06:42 GMT" time="85.227" errors="0">
  <testcase name="LaunchandLogin" time="27.173" classname="Lennox.Login"/>
  <testcase name="CreateLead" time="10.655" classname="Lennox.Login"/>
  <testcase name="CreateNew" time="47.399" classname="Lennox.Login"/>
</testsuite> <!-- Lennox.Login -->
